<?xml version="1.0" encoding="UTF-8"?>
<!-- Generated by org.testng.reporters.JUnitXMLReporter -->
<testsuite ignored="0" hostname="WKSPUN05GTR1625" failures="1" tests="4" name="Default test" time="157.436" errors="0" timestamp="2025-12-06T16:52:56 IST">
  <testcase classname="io.cucumber.testng.AbstractTestNGCucumberTests" name="runScenario" time="43.175">
    <failure type="java.lang.AssertionError" message="expected [iQOO 15 (Legend, 12GB RAM, 256GB Storage) | Fastest Snapdragon 8 Elite Gen 5 Processor* | Origin OS 6 - Out of The Box* | Samsung 2K M14 Lead OLED Display - First time Ever in Android] but found [OnePlus Nord CE5 | Massive 7100mAh Battery | MediaTek Dimensity 8350 Apex | Powered by OnePlus AI | 8GB + 128GB | Black Infinity]">
      <![CDATA[java.lang.AssertionError: expected [iQOO 15 (Legend, 12GB RAM, 256GB Storage) | Fastest Snapdragon 8 Elite Gen 5 Processor* | Origin OS 6 - Out of The Box* | Samsung 2K M14 Lead OLED Display - First time Ever in Android] but found [OnePlus Nord CE5 | Massive 7100mAh Battery | MediaTek Dimensity 8350 Apex | Powered by OnePlus AI | 8GB + 128GB | Black Infinity]
at org.testng.Assert.fail(Assert.java:111)
at org.testng.Assert.failNotEquals(Assert.java:1590)
at org.testng.Assert.assertEqualsImpl(Assert.java:150)
at org.testng.Assert.assertEquals(Assert.java:132)
at org.testng.Assert.assertEquals(Assert.java:656)
at org.testng.Assert.assertEquals(Assert.java:666)
at Stepdef.Scenario1_Steps.the_product_name_should_be_displayed(Scenario1_Steps.java:58)
at ✽.the product name should be displayed(file:///C:/Users/keerthivasan.v1/eclipse-workspace/E_Commerce_Testing/Resources/Features/Scenario1.feature:14)
]]>
    </failure>
  </testcase> <!-- runScenario -->
  <testcase classname="io.cucumber.testng.AbstractTestNGCucumberTests" name="runScenario" time="34.47"/>
  <testcase classname="io.cucumber.testng.AbstractTestNGCucumberTests" name="runScenario" time="36.721"/>
  <testcase classname="io.cucumber.testng.AbstractTestNGCucumberTests" name="runScenario" time="40.77"/>
</testsuite> <!-- Default test -->
