<?xml version="1.0" encoding="UTF-8"?>
<testng-results ignored="0" total="4" passed="3" failed="1" skipped="0">
  <reporter-output>
  </reporter-output>
  <suite started-at="2025-12-08T16:42:20 IST" name="Default suite" finished-at="2025-12-08T16:45:04 IST" duration-ms="164363">
    <groups>
      <group name="cucumber">
        <method signature="AbstractTestNGCucumberTests.runScenario(io.cucumber.testng.PickleWrapper,io.cucumber.testng.FeatureWrapper)[pri:0, instance:Runner.runner@548a24a]" name="runScenario" class="io.cucumber.testng.AbstractTestNGCucumberTests"/>
      </group> <!-- cucumber -->
    </groups>
    <test started-at="2025-12-08T16:42:20 IST" name="Default test" finished-at="2025-12-08T16:45:04 IST" duration-ms="164363">
      <class name="Runner.runner">
        <test-method is-config="true" signature="setUpClass(org.testng.ITestContext)[pri:0, instance:Runner.runner@548a24a]" started-at="2025-12-08T16:42:20 IST" name="setUpClass" finished-at="2025-12-08T16:42:21 IST" duration-ms="568" status="PASS">
          <params>
            <param index="0">
              <value>
                <![CDATA[org.testng.TestRunner@5793b87]]>
              </value>
            </param>
          </params>
          <reporter-output>
          </reporter-output>
        </test-method> <!-- setUpClass -->
        <test-method signature="runScenario(io.cucumber.testng.PickleWrapper,io.cucumber.testng.FeatureWrapper)[pri:0, instance:Runner.runner@548a24a]" started-at="2025-12-08T16:42:21 IST" name="runScenario" description="Runs Cucumber Scenarios" data-provider="scenarios" finished-at="2025-12-08T16:42:56 IST" duration-ms="34788" status="FAIL">
          <params>
            <param index="0">
              <value>
                <![CDATA["Verify Todays Deals and Product Details"]]>
              </value>
            </param>
            <param index="1">
              <value>
                <![CDATA["Add a Product in Amazon"]]>
              </value>
            </param>
          </params>
          <exception class="java.lang.AssertionError">
            <message>
              <![CDATA[expected [iQOO 15 (Legend, 12GB RAM, 256GB Storage) | Fastest Snapdragon 8 Elite Gen 5 Processor* | Origin OS 6 - Out of The Box* | Samsung 2K M14 Lead OLED Display - First time Ever in Android] but found [iQOO 15 (Legend, 16GB RAM, 512GB Storage) | Fastest Snapdragon 8 Elite Gen 5 Processor* | Origin OS 6 - Out of The Box* | Samsung 2K M14 Lead OLED Display - First time Ever in Android]]]>
            </message>
            <full-stacktrace>
              <![CDATA[java.lang.AssertionError: expected [iQOO 15 (Legend, 12GB RAM, 256GB Storage) | Fastest Snapdragon 8 Elite Gen 5 Processor* | Origin OS 6 - Out of The Box* | Samsung 2K M14 Lead OLED Display - First time Ever in Android] but found [iQOO 15 (Legend, 16GB RAM, 512GB Storage) | Fastest Snapdragon 8 Elite Gen 5 Processor* | Origin OS 6 - Out of The Box* | Samsung 2K M14 Lead OLED Display - First time Ever in Android]
at org.testng.Assert.fail(Assert.java:111)
at org.testng.Assert.failNotEquals(Assert.java:1590)
at org.testng.Assert.assertEqualsImpl(Assert.java:150)
at org.testng.Assert.assertEquals(Assert.java:132)
at org.testng.Assert.assertEquals(Assert.java:656)
at org.testng.Assert.assertEquals(Assert.java:666)
at Stepdef.Scenario1_Steps.the_product_name_should_be_displayed(Scenario1_Steps.java:58)
at ✽.the product name should be displayed(file:///C:/Users/keerthivasan.v1/eclipse-workspace/E_Commerce_Testing/Resources/Features/Scenario1.feature:14)
]]>
            </full-stacktrace>
          </exception> <!-- java.lang.AssertionError -->
          <reporter-output>
          </reporter-output>
        </test-method> <!-- runScenario -->
        <test-method signature="runScenario(io.cucumber.testng.PickleWrapper,io.cucumber.testng.FeatureWrapper)[pri:0, instance:Runner.runner@548a24a]" started-at="2025-12-08T16:42:56 IST" name="runScenario" description="Runs Cucumber Scenarios" data-provider="scenarios" finished-at="2025-12-08T16:43:30 IST" duration-ms="34660" status="PASS">
          <params>
            <param index="0">
              <value>
                <![CDATA["Verify search results for multiple items"]]>
              </value>
            </param>
            <param index="1">
              <value>
                <![CDATA["Amazon Search Functionality"]]>
              </value>
            </param>
          </params>
          <reporter-output>
          </reporter-output>
        </test-method> <!-- runScenario -->
        <test-method signature="runScenario(io.cucumber.testng.PickleWrapper,io.cucumber.testng.FeatureWrapper)[pri:0, instance:Runner.runner@548a24a]" started-at="2025-12-08T16:43:30 IST" name="runScenario" description="Runs Cucumber Scenarios" data-provider="scenarios" finished-at="2025-12-08T16:44:22 IST" duration-ms="51914" status="PASS">
          <params>
            <param index="0">
              <value>
                <![CDATA["Verify search results for multiple items"]]>
              </value>
            </param>
            <param index="1">
              <value>
                <![CDATA["Amazon Search Functionality"]]>
              </value>
            </param>
          </params>
          <reporter-output>
          </reporter-output>
        </test-method> <!-- runScenario -->
        <test-method signature="runScenario(io.cucumber.testng.PickleWrapper,io.cucumber.testng.FeatureWrapper)[pri:0, instance:Runner.runner@548a24a]" started-at="2025-12-08T16:44:22 IST" name="runScenario" description="Runs Cucumber Scenarios" data-provider="scenarios" finished-at="2025-12-08T16:45:04 IST" duration-ms="42251" status="PASS">
          <params>
            <param index="0">
              <value>
                <![CDATA["Verify search results for multiple items"]]>
              </value>
            </param>
            <param index="1">
              <value>
                <![CDATA["Amazon Search Functionality"]]>
              </value>
            </param>
          </params>
          <reporter-output>
          </reporter-output>
        </test-method> <!-- runScenario -->
        <test-method is-config="true" signature="tearDownClass()[pri:0, instance:Runner.runner@548a24a]" started-at="2025-12-08T16:45:04 IST" name="tearDownClass" finished-at="2025-12-08T16:45:04 IST" duration-ms="130" status="PASS">
          <reporter-output>
          </reporter-output>
        </test-method> <!-- tearDownClass -->
      </class> <!-- Runner.runner -->
    </test> <!-- Default test -->
  </suite> <!-- Default suite -->
</testng-results>
