<?xml version="1.0" encoding="UTF-8"?>
<!-- Generated by org.testng.reporters.JUnitReportReporter -->
<testsuite hostname="WKSPUN05GTR1625" failures="0" tests="4" name="Runner.runner" time="119.513" errors="0" timestamp="2025-12-10T12:05:45 IST" skipped="0">
  <testcase classname="Runner.runner" name="runScenario" time="28.828"/>
  <testcase classname="Runner.runner" name="runScenario" time="28.580"/>
  <testcase classname="Runner.runner" name="runScenario" time="26.296"/>
  <testcase classname="Runner.runner" name="runScenario" time="35.809"/>
</testsuite> <!-- Runner.runner -->
