<?xml version="1.0" encoding="UTF-8"?>
<!-- Generated by org.testng.reporters.JUnitReportReporter -->
<testsuite hostname="WKSPUN05GTR1625" failures="0" tests="4" name="Runner.runner" time="109.742" errors="0" timestamp="2025-12-11T12:22:12 IST" skipped="0">
  <testcase classname="Runner.runner" name="runScenario" time="23.198"/>
  <testcase classname="Runner.runner" name="runScenario" time="30.617"/>
  <testcase classname="Runner.runner" name="runScenario" time="23.773"/>
  <testcase classname="Runner.runner" name="runScenario" time="32.154"/>
</testsuite> <!-- Runner.runner -->
